
ActionController::RoutingError (No route matches "/stylesheets/stylesheet.css"):
  


ActionController::RoutingError (No route matches "/stylesheets/splash_screen.css"):
  


ActionController::RoutingError (No route matches "/stylesheets/login_or_register.css"):
  


ActionController::RoutingError (No route matches "/javascripts/jquery.min.js"):
  


ActionController::RoutingError (No route matches "/javascripts/jquery-ui.min.js"):
  


ActionController::RoutingError (No route matches "/javascripts/application.js"):
  


ActionController::RoutingError (No route matches "/javascripts/rails.js"):
  


ActionController::RoutingError (No route matches "/stylesheets/stylesheet.css"):
  


ActionController::RoutingError (No route matches "/stylesheets/splash_screen.css"):
  


ActionController::RoutingError (No route matches "/javascripts/jquery.min.js"):
  


ActionController::RoutingError (No route matches "/javascripts/jquery-ui.min.js"):
  


ActionController::RoutingError (No route matches "/javascripts/rails.js"):
  


ActionController::RoutingError (No route matches "/stylesheets/login_or_register.css"):
  


ActionController::RoutingError (No route matches "/javascripts/application.js"):
  


ActionController::RoutingError (No route matches "/images/promo_image.png"):
  


ActionController::RoutingError (No route matches "/images/games_icon.png"):
  


ActionController::RoutingError (No route matches "/images/club_icon.png"):
  


ActionController::RoutingError (No route matches "/images/results_icon.png"):
  


ActionController::RoutingError (No route matches "/stylesheets/stylesheet.css"):
  


ActionController::RoutingError (No route matches "/javascripts/jquery.min.js"):
  


ActionController::RoutingError (No route matches "/stylesheets/login_or_register.css"):
  


ActionController::RoutingError (No route matches "/javascripts/jquery-ui.min.js"):
  


ActionController::RoutingError (No route matches "/javascripts/rails.js"):
  


ActionController::RoutingError (No route matches "/stylesheets/splash_screen.css"):
  


ActionController::RoutingError (No route matches "/javascripts/application.js"):
  


ActionController::RoutingError (No route matches "/images/promo_image.png"):
  


ActionController::RoutingError (No route matches "/images/games_icon.png"):
  


ActionController::RoutingError (No route matches "/images/club_icon.png"):
  


ActionController::RoutingError (No route matches "/images/results_icon.png"):
  


ActionController::RoutingError (No route matches "/stylesheets/stylesheet.css"):
  


ActionController::RoutingError (No route matches "/stylesheets/splash_screen.css"):
  


ActionController::RoutingError (No route matches "/javascripts/rails.js"):
  


ActionController::RoutingError (No route matches "/javascripts/jquery.min.js"):
  


ActionController::RoutingError (No route matches "/stylesheets/login_or_register.css"):
  


ActionController::RoutingError (No route matches "/javascripts/jquery-ui.min.js"):
  


ActionController::RoutingError (No route matches "/javascripts/application.js"):
  


ActionController::RoutingError (No route matches "/images/promo_image.png"):
  


ActionController::RoutingError (No route matches "/images/games_icon.png"):
  


ActionController::RoutingError (No route matches "/images/results_icon.png"):
  


ActionController::RoutingError (No route matches "/images/club_icon.png"):
  


ActionController::RoutingError (No route matches "/stylesheets/stylesheet.css"):
  


ActionController::RoutingError (No route matches "/stylesheets/splash_screen.css"):
  


ActionController::RoutingError (No route matches "/javascripts/jquery.min.js"):
  


ActionController::RoutingError (No route matches "/javascripts/jquery-ui.min.js"):
  


ActionController::RoutingError (No route matches "/stylesheets/login_or_register.css"):
  


ActionController::RoutingError (No route matches "/javascripts/rails.js"):
  


ActionController::RoutingError (No route matches "/javascripts/application.js"):
  


ActionController::RoutingError (No route matches "/images/promo_image.png"):
  


ActionController::RoutingError (No route matches "/images/results_icon.png"):
  


ActionController::RoutingError (No route matches "/images/club_icon.png"):
  


ActionController::RoutingError (No route matches "/images/games_icon.png"):
  


ActionController::RoutingError (No route matches "/stylesheets/splash_screen.css"):
  


ActionController::RoutingError (No route matches "/stylesheets/stylesheet.css"):
  


ActionController::RoutingError (No route matches "/stylesheets/login_or_register.css"):
  


ActionController::RoutingError (No route matches "/javascripts/jquery.min.js"):
  


ActionController::RoutingError (No route matches "/javascripts/rails.js"):
  


ActionController::RoutingError (No route matches "/javascripts/jquery-ui.min.js"):
  


ActionController::RoutingError (No route matches "/javascripts/application.js"):
  


ActionController::RoutingError (No route matches "/images/promo_image.png"):
  


ActionController::RoutingError (No route matches "/images/club_icon.png"):
  


ActionController::RoutingError (No route matches "/images/games_icon.png"):
  


ActionController::RoutingError (No route matches "/images/results_icon.png"):
  


ActionController::RoutingError (No route matches "/stylesheets/stylesheet.css"):
  


ActionController::RoutingError (No route matches "/javascripts/jquery.min.js"):
  


ActionController::RoutingError (No route matches "/stylesheets/login_or_register.css"):
  


ActionController::RoutingError (No route matches "/javascripts/jquery-ui.min.js"):
  


ActionController::RoutingError (No route matches "/javascripts/rails.js"):
  


ActionController::RoutingError (No route matches "/stylesheets/splash_screen.css"):
  


ActionController::RoutingError (No route matches "/javascripts/application.js"):
  


ActionController::RoutingError (No route matches "/images/promo_image.png"):
  


ActionController::RoutingError (No route matches "/images/results_icon.png"):
  


ActionController::RoutingError (No route matches "/images/games_icon.png"):
  


ActionController::RoutingError (No route matches "/images/club_icon.png"):
  


ActionController::RoutingError (No route matches "/stylesheets/stylesheet.css"):
  


ActionController::RoutingError (No route matches "/stylesheets/login_or_register.css"):
  


ActionController::RoutingError (No route matches "/stylesheets/splash_screen.css"):
  


ActionController::RoutingError (No route matches "/javascripts/jquery-ui.min.js"):
  


ActionController::RoutingError (No route matches "/javascripts/jquery.min.js"):
  


ActionController::RoutingError (No route matches "/javascripts/rails.js"):
  


ActionController::RoutingError (No route matches "/javascripts/application.js"):
  


ActionController::RoutingError (No route matches "/images/promo_image.png"):
  


ActionController::RoutingError (No route matches "/images/games_icon.png"):
  


ActionController::RoutingError (No route matches "/images/club_icon.png"):
  


ActionController::RoutingError (No route matches "/images/results_icon.png"):
  


ActionController::RoutingError (No route matches "/stylesheets/stylesheet.css"):
  


ActionController::RoutingError (No route matches "/javascripts/rails.js"):
  


ActionController::RoutingError (No route matches "/stylesheets/login_or_register.css"):
  


ActionController::RoutingError (No route matches "/stylesheets/splash_screen.css"):
  


ActionController::RoutingError (No route matches "/javascripts/jquery-ui.min.js"):
  


ActionController::RoutingError (No route matches "/javascripts/jquery.min.js"):
  


ActionController::RoutingError (No route matches "/javascripts/application.js"):
  


ActionController::RoutingError (No route matches "/images/promo_image.png"):
  


ActionController::RoutingError (No route matches "/images/games_icon.png"):
  


ActionController::RoutingError (No route matches "/images/results_icon.png"):
  


ActionController::RoutingError (No route matches "/images/club_icon.png"):
  


ActionController::RoutingError (No route matches "/stylesheets/stylesheet.css"):
  


ActionController::RoutingError (No route matches "/javascripts/jquery.min.js"):
  


ActionController::RoutingError (No route matches "/stylesheets/login_or_register.css"):
  


ActionController::RoutingError (No route matches "/stylesheets/splash_screen.css"):
  


ActionController::RoutingError (No route matches "/javascripts/jquery-ui.min.js"):
  


ActionController::RoutingError (No route matches "/javascripts/rails.js"):
  


ActionController::RoutingError (No route matches "/javascripts/application.js"):
  


ActionController::RoutingError (No route matches "/images/promo_image.png"):
  


ActionController::RoutingError (No route matches "/images/games_icon.png"):
  


ActionController::RoutingError (No route matches "/images/results_icon.png"):
  


ActionController::RoutingError (No route matches "/images/club_icon.png"):
  


ActionController::RoutingError (No route matches "/stylesheets/jquery.ui.theme.css"):
  


ActionController::RoutingError (No route matches "/stylesheets/jquery.ui.base.css"):
  


ActionController::RoutingError (No route matches "/stylesheets/jquery.ui.selectable.css"):
  


ActionController::RoutingError (No route matches "/stylesheets/profile_input.css"):
  


ActionController::RoutingError (No route matches "/stylesheets/home_page.css"):
  


ActionController::RoutingError (No route matches "/stylesheets/game_input.css"):
  


ActionController::RoutingError (No route matches "/stylesheets/bag.css"):
  


ActionController::RoutingError (No route matches "/stylesheets/new_field.css"):
  


ActionController::RoutingError (No route matches "/stylesheets/my_club.css"):
  


ActionController::RoutingError (No route matches "/stylesheets/my_games_stylesheet.css"):
  


ActionController::RoutingError (No route matches "/stylesheets/single_game_statistics.css"):
  


ActionController::RoutingError (No route matches "/stylesheets/print.css"):
  


ActionController::RoutingError (No route matches "/stylesheets/add_article.css"):
  


ActionController::RoutingError (No route matches "/stylesheets/serialScroll.css"):
  


ActionController::RoutingError (No route matches "/stylesheets/jquery.ui.progressbar.css"):
  


ActionController::RoutingError (No route matches "/stylesheets/jquery.ui.resizable.css"):
  


ActionController::RoutingError (No route matches "/stylesheets/jquery.ui.selectmenu.css"):
  


ActionController::RoutingError (No route matches "/stylesheets/jquery.ui.slider.css"):
  


ActionController::RoutingError (No route matches "/stylesheets/jquery.ui.tabs.css"):
  


ActionController::RoutingError (No route matches "/stylesheets/jquery.ui.accordion.css"):
  


ActionController::RoutingError (No route matches "/stylesheets/jquery.ui.all.css"):
  


ActionController::RoutingError (No route matches "/stylesheets/jquery.ui.autocomplete.css"):
  


ActionController::RoutingError (No route matches "/stylesheets/jquery.ui.button.css"):
  


ActionController::RoutingError (No route matches "/stylesheets/jquery.ui.datepicker.css"):
  


ActionController::RoutingError (No route matches "/stylesheets/jquery.jscrollpane.css"):
  


ActionController::RoutingError (No route matches "/stylesheets/jquery.ui.dialog.css"):
  


ActionController::RoutingError (No route matches "/stylesheets/game_menu_slider.css"):
  


ActionController::RoutingError (No route matches "/stylesheets/stylesheet.css"):
  


ActionController::RoutingError (No route matches "/javascripts/jquery.min.js"):
  


ActionController::RoutingError (No route matches "/javascripts/jquery-ui.min.js"):
  


ActionController::RoutingError (No route matches "/javascripts/rails.js"):
  


ActionController::RoutingError (No route matches "/javascripts/application.js"):
  


ActionController::RoutingError (No route matches "/javascripts/jquery.jscrollpane.min.js"):
  


ActionController::RoutingError (No route matches "/javascripts/forms.js"):
  


ActionController::RoutingError (No route matches "/stylesheets/login_or_register.css"):
  


ActionController::RoutingError (No route matches "/stylesheets/uniform.default.css"):
  


ActionController::RoutingError (No route matches "/stylesheets/jquery.ui.theme.css"):
  


ActionController::RoutingError (No route matches "/stylesheets/jquery.ui.base.css"):
  


ActionController::RoutingError (No route matches "/stylesheets/home_page.css"):
  


ActionController::RoutingError (No route matches "/stylesheets/jquery.ui.selectable.css"):
  


ActionController::RoutingError (No route matches "/stylesheets/game_input.css"):
  


ActionController::RoutingError (No route matches "/stylesheets/stylesheet.css"):
  


ActionController::RoutingError (No route matches "/stylesheets/profile_input.css"):
  


ActionController::RoutingError (No route matches "/stylesheets/bag.css"):
  


ActionController::RoutingError (No route matches "/stylesheets/new_field.css"):
  


ActionController::RoutingError (No route matches "/stylesheets/my_club.css"):
  


ActionController::RoutingError (No route matches "/stylesheets/my_games_stylesheet.css"):
  


ActionController::RoutingError (No route matches "/stylesheets/single_game_statistics.css"):
  


ActionController::RoutingError (No route matches "/stylesheets/print.css"):
  


ActionController::RoutingError (No route matches "/stylesheets/add_article.css"):
  


ActionController::RoutingError (No route matches "/stylesheets/serialScroll.css"):
  


ActionController::RoutingError (No route matches "/stylesheets/jquery.ui.progressbar.css"):
  


ActionController::RoutingError (No route matches "/stylesheets/jquery.ui.resizable.css"):
  


ActionController::RoutingError (No route matches "/stylesheets/jquery.ui.selectmenu.css"):
  


ActionController::RoutingError (No route matches "/stylesheets/jquery.ui.slider.css"):
  


ActionController::RoutingError (No route matches "/stylesheets/jquery.ui.tabs.css"):
  


ActionController::RoutingError (No route matches "/stylesheets/jquery.ui.accordion.css"):
  


ActionController::RoutingError (No route matches "/stylesheets/jquery.ui.all.css"):
  


ActionController::RoutingError (No route matches "/stylesheets/jquery.ui.autocomplete.css"):
  


ActionController::RoutingError (No route matches "/stylesheets/jquery.ui.button.css"):
  


ActionController::RoutingError (No route matches "/stylesheets/jquery.ui.datepicker.css"):
  


ActionController::RoutingError (No route matches "/stylesheets/jquery.ui.dialog.css"):
  


ActionController::RoutingError (No route matches "/stylesheets/jquery.jscrollpane.css"):
  


ActionController::RoutingError (No route matches "/stylesheets/game_menu_slider.css"):
  


ActionController::RoutingError (No route matches "/javascripts/jquery.min.js"):
  


ActionController::RoutingError (No route matches "/javascripts/jquery-ui.min.js"):
  


ActionController::RoutingError (No route matches "/javascripts/application.js"):
  


ActionController::RoutingError (No route matches "/javascripts/rails.js"):
  


ActionController::RoutingError (No route matches "/javascripts/jquery.serialScroll-min.js"):
  


ActionController::RoutingError (No route matches "/javascripts/jquery.scrollTo-min.js"):
  


ActionController::RoutingError (No route matches "/javascripts/jquery.ui.widget.js"):
  


ActionController::RoutingError (No route matches "/javascripts/jquery.jscrollpane.min.js"):
  


ActionController::RoutingError (No route matches "/javascripts/toggle.js"):
  


ActionController::RoutingError (No route matches "/javascripts/forms.js"):
  


ActionController::RoutingError (No route matches "/javascripts/timepicker-addon.js"):
  


ActionController::RoutingError (No route matches "/javascripts/jquery.ui.position.js"):
  


ActionController::RoutingError (No route matches "/javascripts/jquery.ui.selectmenu.js"):
  


ActionController::RoutingError (No route matches "/javascripts/jquery.ui.core.js"):
  


ActionController::RoutingError (No route matches "/javascripts/jquery.uniform.js"):
  


ActionController::RoutingError (No route matches "/javascripts/jquery.live_maxlen.js"):
  


ActionController::RoutingError (No route matches "/stylesheets/login_or_register.css"):
  


ActionController::RoutingError (No route matches "/stylesheets/uniform.default.css"):
  


NoMethodError (undefined method `name' for nil:NilClass):
  app/controllers/user_controller.rb:30:in `create'


ActionController::RoutingError (No route matches "/stylesheets/jquery.ui.theme.css"):
  


ActionController::RoutingError (No route matches "/stylesheets/jquery.ui.base.css"):
  


ActionController::RoutingError (No route matches "/stylesheets/jquery.ui.selectable.css"):
  


ActionController::RoutingError (No route matches "/stylesheets/home_page.css"):
  


ActionController::RoutingError (No route matches "/stylesheets/game_input.css"):
  


ActionController::RoutingError (No route matches "/stylesheets/stylesheet.css"):
  


ActionController::RoutingError (No route matches "/stylesheets/profile_input.css"):
  


ActionController::RoutingError (No route matches "/stylesheets/bag.css"):
  


ActionController::RoutingError (No route matches "/stylesheets/new_field.css"):
  


ActionController::RoutingError (No route matches "/stylesheets/my_club.css"):
  


ActionController::RoutingError (No route matches "/stylesheets/my_games_stylesheet.css"):
  


ActionController::RoutingError (No route matches "/stylesheets/single_game_statistics.css"):
  


ActionController::RoutingError (No route matches "/stylesheets/print.css"):
  


ActionController::RoutingError (No route matches "/stylesheets/add_article.css"):
  


ActionController::RoutingError (No route matches "/stylesheets/serialScroll.css"):
  


ActionController::RoutingError (No route matches "/stylesheets/jquery.ui.progressbar.css"):
  


ActionController::RoutingError (No route matches "/stylesheets/jquery.ui.resizable.css"):
  


ActionController::RoutingError (No route matches "/stylesheets/jquery.ui.selectmenu.css"):
  


ActionController::RoutingError (No route matches "/stylesheets/jquery.ui.all.css"):
  


ActionController::RoutingError (No route matches "/stylesheets/jquery.ui.accordion.css"):
  


ActionController::RoutingError (No route matches "/stylesheets/jquery.ui.slider.css"):
  


ActionController::RoutingError (No route matches "/stylesheets/jquery.ui.tabs.css"):
  


ActionController::RoutingError (No route matches "/stylesheets/jquery.ui.autocomplete.css"):
  


ActionController::RoutingError (No route matches "/stylesheets/jquery.ui.button.css"):
  


ActionController::RoutingError (No route matches "/stylesheets/jquery.ui.datepicker.css"):
  


ActionController::RoutingError (No route matches "/stylesheets/jquery.ui.dialog.css"):
  


ActionController::RoutingError (No route matches "/stylesheets/jquery.jscrollpane.css"):
  


ActionController::RoutingError (No route matches "/stylesheets/game_menu_slider.css"):
  


ActionController::RoutingError (No route matches "/javascripts/jquery.min.js"):
  


ActionController::RoutingError (No route matches "/javascripts/jquery-ui.min.js"):
  


ActionController::RoutingError (No route matches "/javascripts/rails.js"):
  


ActionController::RoutingError (No route matches "/javascripts/application.js"):
  


ActionController::RoutingError (No route matches "/javascripts/jquery.serialScroll-min.js"):
  


ActionController::RoutingError (No route matches "/javascripts/jquery.scrollTo-min.js"):
  


ActionController::RoutingError (No route matches "/javascripts/jquery.ui.widget.js"):
  


ActionController::RoutingError (No route matches "/javascripts/jquery.jscrollpane.min.js"):
  


ActionController::RoutingError (No route matches "/javascripts/toggle.js"):
  


ActionController::RoutingError (No route matches "/javascripts/forms.js"):
  


ActionController::RoutingError (No route matches "/javascripts/timepicker-addon.js"):
  


ActionController::RoutingError (No route matches "/javascripts/jquery.ui.position.js"):
  


ActionController::RoutingError (No route matches "/javascripts/jquery.ui.selectmenu.js"):
  


ActionController::RoutingError (No route matches "/javascripts/jquery.ui.core.js"):
  


ActionController::RoutingError (No route matches "/javascripts/jquery.uniform.js"):
  


ActionController::RoutingError (No route matches "/javascripts/jquery.live_maxlen.js"):
  


ActionController::RoutingError (No route matches "/stylesheets/login_or_register.css"):
  


ActionController::RoutingError (No route matches "/stylesheets/uniform.default.css"):
  


ActionController::RoutingError (No route matches "/images/ad_blank.png"):
  


ActionController::RoutingError (No route matches "/images/anonymous_icon.png"):
  


NoMethodError (undefined method `is_super_admin' for nil:NilClass):
  app/controllers/welcome_controller.rb:8:in `index'


NoMethodError (undefined method `is_super_admin' for nil:NilClass):
  app/controllers/welcome_controller.rb:8:in `index'


ActionController::RoutingError (No route matches "/images/green_button_backgr.jpg"):
  


ActionController::RoutingError (No route matches "/images/green_button_backgr.jpg"):
  


ActionController::RoutingError (No route matches "/stylesheets/bg_stripes.png"):
  


ActionController::RoutingError (No route matches "/stylesheets/bg_stripes.png"):
  


ActionController::RoutingError (No route matches "/images/green_button_backgr.jpg"):
  


ActionController::RoutingError (No route matches "/stylesheets/bg_stripes.png"):
  


ActionController::RoutingError (No route matches "/stylesheets/bg_stripes.png"):
  

